Base path: C:/Program Files (x86)/Unity/Editor/Data
Pipe name: \\.\pipe\UnityShaderCompiler-1-9168
Cmd: getPlatforms
Cmd: preprocess
  insize=435 outsize=1181 ok=1
Cmd: compileSnippet
  api=4 type=0 insize=4216 outsize=2607 kw=DIRECTIONAL SHADOWS_OFF LIGHTMAP_OFF DIRLIGHTMAP_OFF ok=1
Cmd: compileSnippet
  api=4 type=1 insize=4216 outsize=1242 kw=DIRECTIONAL SHADOWS_OFF LIGHTMAP_OFF DIRLIGHTMAP_OFF ok=1
Cmd: compileSnippet
  api=4 type=0 insize=2255 outsize=2875 kw=POINT ok=1
Cmd: compileSnippet
  api=4 type=1 insize=2255 outsize=1542 kw=POINT ok=1
Cmd: compileSnippet
  api=4 type=0 insize=1783 outsize=1477 kw= ok=1
Cmd: compileSnippet
  api=4 type=1 insize=1783 outsize=632 kw= ok=1
Cmd: compileSnippet
  api=4 type=0 insize=3968 outsize=2883 kw=LIGHTMAP_OFF DIRLIGHTMAP_OFF HDR_LIGHT_PREPASS_OFF ok=1
Cmd: compileSnippet
  api=4 type=1 insize=3968 outsize=1152 kw=LIGHTMAP_OFF DIRLIGHTMAP_OFF HDR_LIGHT_PREPASS_OFF ok=1
Cmd: preprocess
  insize=435 outsize=12552 ok=1
Cmd: compileSnippet
  api=4 type=0 insize=2255 outsize=1851 kw=DIRECTIONAL ok=1
Cmd: compileSnippet
  api=4 type=1 insize=2255 outsize=1128 kw=DIRECTIONAL ok=1
Cmd: preprocess
  insize=435 outsize=12552 ok=1
Cmd: preprocess
  error: 2 plat 1 at (17): undefined variable "color"
  insize=355 outsize=916 ok=0
Cmd: preprocess
  insize=358 outsize=1181 ok=1
Cmd: compileSnippet
  api=4 type=0 insize=4074 outsize=2533 kw=DIRECTIONAL SHADOWS_OFF LIGHTMAP_OFF DIRLIGHTMAP_OFF ok=1
Cmd: compileSnippet
  api=4 type=1 insize=4074 outsize=1120 kw=DIRECTIONAL SHADOWS_OFF LIGHTMAP_OFF DIRLIGHTMAP_OFF ok=1
Cmd: compileSnippet
  api=4 type=0 insize=2116 outsize=2834 kw=POINT ok=1
Cmd: compileSnippet
  api=4 type=1 insize=2116 outsize=1420 kw=POINT ok=1
Cmd: compileSnippet
  api=4 type=0 insize=1706 outsize=1477 kw= ok=1
Cmd: compileSnippet
  api=4 type=1 insize=1706 outsize=632 kw= ok=1
Cmd: compileSnippet
  api=4 type=0 insize=3829 outsize=2810 kw=LIGHTMAP_OFF DIRLIGHTMAP_OFF HDR_LIGHT_PREPASS_OFF ok=1
Cmd: compileSnippet
  api=4 type=1 insize=3829 outsize=1030 kw=LIGHTMAP_OFF DIRLIGHTMAP_OFF HDR_LIGHT_PREPASS_OFF ok=1
Cmd: preprocess
  insize=360 outsize=1183 ok=1
Cmd: compileSnippet
  api=4 type=0 insize=2116 outsize=1778 kw=DIRECTIONAL ok=1
Cmd: compileSnippet
  api=4 type=1 insize=2116 outsize=1006 kw=DIRECTIONAL ok=1
Cmd: compileSnippet
  api=4 type=0 insize=4074 outsize=2923 kw=DIRECTIONAL SHADOWS_SCREEN LIGHTMAP_OFF DIRLIGHTMAP_OFF ok=1
Cmd: compileSnippet
  api=4 type=1 insize=4074 outsize=1380 kw=DIRECTIONAL SHADOWS_SCREEN LIGHTMAP_OFF DIRLIGHTMAP_OFF ok=1
